<?xml version="1.0" encoding="UTF-8"?>
<coverage generated="1703034839871" clover="3.2.0">
  <project timestamp="1703034839872" name="All files">
    <metrics statements="28" coveredstatements="24" conditionals="16" coveredconditionals="10" methods="12" coveredmethods="9" elements="56" coveredelements="43" complexity="0" loc="28" ncloc="28" packages="1" files="1" classes="1"/>
    <file name="HelloWorld.vue" path="C:\Users\bsatm\simple-chat\src\components\HelloWorld.vue">
      <metrics statements="28" coveredstatements="24" conditionals="16" coveredconditionals="10" methods="12" coveredmethods="9"/>
      <line num="4" count="1" type="stmt"/>
      <line num="7" count="1" type="stmt"/>
      <line num="8" count="1" type="stmt"/>
      <line num="9" count="1" type="stmt"/>
      <line num="12" count="3" type="stmt"/>
      <line num="21" count="1" type="stmt"/>
      <line num="25" count="1" type="stmt"/>
      <line num="26" count="1" type="stmt"/>
      <line num="27" count="1" type="stmt"/>
      <line num="30" count="0" type="cond" truecount="0" falsecount="2"/>
      <line num="31" count="0" type="stmt"/>
      <line num="35" count="0" type="stmt"/>
      <line num="40" count="4" type="stmt"/>
      <line num="43" count="4" type="stmt"/>
      <line num="47" count="3" type="cond" truecount="1" falsecount="1"/>
      <line num="48" count="3" type="cond" truecount="1" falsecount="1"/>
      <line num="49" count="3" type="stmt"/>
      <line num="52" count="1" type="stmt"/>
      <line num="54" count="1" type="stmt"/>
      <line num="57" count="1" type="stmt"/>
      <line num="58" count="1" type="stmt"/>
      <line num="59" count="1" type="stmt"/>
      <line num="61" count="5" type="stmt"/>
      <line num="62" count="0" type="cond" truecount="2" falsecount="2"/>
      <line num="64" count="1" type="stmt"/>
      <line num="68" count="1" type="cond" truecount="2" falsecount="0"/>
      <line num="71" count="1" type="cond" truecount="4" falsecount="0"/>
      <line num="73" count="1" type="stmt"/>
    </file>
  </project>
</coverage>
