{"C:\\Users\\bsatm\\simple-chat\\src\\components\\HelloWorld.vue": {"path":"C:\\Users\\bsatm\\simple-chat\\src\\components\\HelloWorld.vue","statementMap":{"0":{"start":{"line":4,"column":0},"end":{"line":6,"column":3}},"1":{"start":{"line":7,"column":0},"end":{"line":7,"column":25}},"2":{"start":{"line":8,"column":0},"end":{"line":8,"column":44}},"3":{"start":{"line":9,"column":15},"end":{"line":51,"column":1}},"4":{"start":{"line":12,"column":4},"end":{"line":17,"column":6}},"5":{"start":{"line":21,"column":25},"end":{"line":24,"column":7}},"6":{"start":{"line":25,"column":6},"end":{"line":25,"column":34}},"7":{"start":{"line":26,"column":6},"end":{"line":26,"column":54}},"8":{"start":{"line":27,"column":6},"end":{"line":27,"column":24}},"9":{"start":{"line":30,"column":6},"end":{"line":32,"column":7}},"10":{"start":{"line":31,"column":8},"end":{"line":31,"column":48}},"11":{"start":{"line":35,"column":6},"end":{"line":35,"column":18}},"12":{"start":{"line":40,"column":6},"end":{"line":40,"column":46}},"13":{"start":{"line":43,"column":6},"end":{"line":43,"column":47}},"14":{"start":{"line":47,"column":4},"end":{"line":47,"column":60}},"15":{"start":{"line":47,"column":20},"end":{"line":47,"column":60}},"16":{"start":{"line":48,"column":4},"end":{"line":48,"column":72}},"17":{"start":{"line":48,"column":28},"end":{"line":48,"column":72}},"18":{"start":{"line":49,"column":4},"end":{"line":49,"column":61}},"19":{"start":{"line":52,"column":0},"end":{"line":52,"column":13}},"20":{"start":{"line":54,"column":0},"end":{"line":56,"column":3}},"21":{"start":{"line":57,"column":0},"end":{"line":57,"column":24}},"22":{"start":{"line":58,"column":11},"end":{"line":58,"column":25}},"23":{"start":{"line":59,"column":32},"end":{"line":59,"column":105}},"24":{"start":{"line":61,"column":2},"end":{"line":72,"column":15}},"25":{"start":{"line":62,"column":52},"end":{"line":62,"column":105}},"26":{"start":{"line":64,"column":4},"end":{"line":66,"column":109}},"27":{"start":{"line":68,"column":63},"end":{"line":68,"column":84}},"28":{"start":{"line":71,"column":52},"end":{"line":71,"column":97}},"29":{"start":{"line":73,"column":2},"end":{"line":73,"column":49}}},"fnMap":{"0":{"name":"(anonymous_0)","decl":{"start":{"line":11,"column":2},"end":{"line":11,"column":3}},"loc":{"start":{"line":11,"column":9},"end":{"line":18,"column":3}},"line":11},"1":{"name":"(anonymous_1)","decl":{"start":{"line":20,"column":4},"end":{"line":20,"column":5}},"loc":{"start":{"line":20,"column":18},"end":{"line":28,"column":5}},"line":20},"2":{"name":"(anonymous_2)","decl":{"start":{"line":29,"column":4},"end":{"line":29,"column":5}},"loc":{"start":{"line":29,"column":27},"end":{"line":33,"column":5}},"line":29},"3":{"name":"(anonymous_3)","decl":{"start":{"line":34,"column":4},"end":{"line":34,"column":5}},"loc":{"start":{"line":34,"column":22},"end":{"line":36,"column":5}},"line":34},"4":{"name":"(anonymous_4)","decl":{"start":{"line":39,"column":4},"end":{"line":39,"column":5}},"loc":{"start":{"line":39,"column":18},"end":{"line":41,"column":5}},"line":39},"5":{"name":"(anonymous_5)","decl":{"start":{"line":42,"column":4},"end":{"line":42,"column":5}},"loc":{"start":{"line":42,"column":23},"end":{"line":44,"column":5}},"line":42},"6":{"name":"(anonymous_6)","decl":{"start":{"line":46,"column":2},"end":{"line":46,"column":3}},"loc":{"start":{"line":46,"column":12},"end":{"line":50,"column":3}},"line":46},"7":{"name":"render","decl":{"start":{"line":60,"column":9},"end":{"line":60,"column":15}},"loc":{"start":{"line":60,"column":30},"end":{"line":73,"column":1}},"line":60},"8":{"name":"(anonymous_8)","decl":{"start":{"line":62,"column":39},"end":{"line":62,"column":40}},"loc":{"start":{"line":62,"column":52},"end":{"line":62,"column":105}},"line":62},"9":{"name":"(anonymous_9)","decl":{"start":{"line":63,"column":240},"end":{"line":63,"column":241}},"loc":{"start":{"line":63,"column":248},"end":{"line":67,"column":3}},"line":63},"10":{"name":"(anonymous_10)","decl":{"start":{"line":68,"column":53},"end":{"line":68,"column":54}},"loc":{"start":{"line":68,"column":63},"end":{"line":68,"column":84}},"line":68},"11":{"name":"(anonymous_11)","decl":{"start":{"line":71,"column":39},"end":{"line":71,"column":40}},"loc":{"start":{"line":71,"column":52},"end":{"line":71,"column":97}},"line":71}},"branchMap":{"0":{"loc":{"start":{"line":30,"column":6},"end":{"line":32,"column":7}},"type":"if","locations":[{"start":{"line":30,"column":6},"end":{"line":32,"column":7}},{"start":{},"end":{}}],"line":30},"1":{"loc":{"start":{"line":47,"column":4},"end":{"line":47,"column":60}},"type":"if","locations":[{"start":{"line":47,"column":4},"end":{"line":47,"column":60}},{"start":{},"end":{}}],"line":47},"2":{"loc":{"start":{"line":48,"column":4},"end":{"line":48,"column":72}},"type":"if","locations":[{"start":{"line":48,"column":4},"end":{"line":48,"column":72}},{"start":{},"end":{}}],"line":48},"3":{"loc":{"start":{"line":62,"column":13},"end":{"line":62,"column":106}},"type":"binary-expr","locations":[{"start":{"line":62,"column":13},"end":{"line":62,"column":22}},{"start":{"line":62,"column":27},"end":{"line":62,"column":105}}],"line":62},"4":{"loc":{"start":{"line":62,"column":52},"end":{"line":62,"column":105}},"type":"binary-expr","locations":[{"start":{"line":62,"column":52},"end":{"line":62,"column":72}},{"start":{"line":62,"column":76},"end":{"line":62,"column":105}}],"line":62},"5":{"loc":{"start":{"line":68,"column":27},"end":{"line":68,"column":85}},"type":"binary-expr","locations":[{"start":{"line":68,"column":27},"end":{"line":68,"column":36}},{"start":{"line":68,"column":41},"end":{"line":68,"column":84}}],"line":68},"6":{"loc":{"start":{"line":71,"column":13},"end":{"line":71,"column":98}},"type":"binary-expr","locations":[{"start":{"line":71,"column":13},"end":{"line":71,"column":22}},{"start":{"line":71,"column":27},"end":{"line":71,"column":97}}],"line":71},"7":{"loc":{"start":{"line":71,"column":52},"end":{"line":71,"column":97}},"type":"binary-expr","locations":[{"start":{"line":71,"column":52},"end":{"line":71,"column":68}},{"start":{"line":71,"column":72},"end":{"line":71,"column":97}}],"line":71}},"s":{"0":1,"1":1,"2":1,"3":1,"4":3,"5":1,"6":1,"7":1,"8":1,"9":0,"10":0,"11":0,"12":4,"13":4,"14":3,"15":3,"16":3,"17":0,"18":3,"19":1,"20":1,"21":1,"22":1,"23":1,"24":5,"25":0,"26":1,"27":1,"28":1,"29":1},"f":{"0":3,"1":1,"2":0,"3":0,"4":4,"5":4,"6":3,"7":5,"8":0,"9":1,"10":1,"11":1},"b":{"0":[0,0],"1":[3,0],"2":[0,3],"3":[5,3],"4":[0,0],"5":[5,3],"6":[5,3],"7":[1,1]},"inputSourceMap":{"0":"{","1":"\"","2":"v","3":"e","4":"r","5":"s","6":"i","7":"o","8":"n","9":"\"","10":":","11":"3","12":",","13":"\"","14":"s","15":"o","16":"u","17":"r","18":"c","19":"e","20":"s","21":"\"","22":":","23":"[","24":"\"","25":"C","26":":","27":"\\","28":"\\","29":"U","30":"s","31":"e","32":"r","33":"s","34":"\\","35":"\\","36":"b","37":"s","38":"a","39":"t","40":"m","41":"\\","42":"\\","43":"s","44":"i","45":"m","46":"p","47":"l","48":"e","49":"-","50":"c","51":"h","52":"a","53":"t","54":"\\","55":"\\","56":"s","57":"r","58":"c","59":"\\","60":"\\","61":"c","62":"o","63":"m","64":"p","65":"o","66":"n","67":"e","68":"n","69":"t","70":"s","71":"\\","72":"\\","73":"H","74":"e","75":"l","76":"l","77":"o","78":"W","79":"o","80":"r","81":"l","82":"d","83":".","84":"v","85":"u","86":"e","87":"\"","88":"]","89":",","90":"\"","91":"n","92":"a","93":"m","94":"e","95":"s","96":"\"","97":":","98":"[","99":"]","100":",","101":"\"","102":"m","103":"a","104":"p","105":"p","106":"i","107":"n","108":"g","109":"s","110":"\"","111":":","112":"\"","113":";","114":";","115":";","116":";","117":";","118":";","119":";","120":";","121":"i","122":"C","123":"A","124":"e","125":"e","126":";","127":"E","128":"A","129":"C","130":"b","131":",","132":"I","133":"A","134":"A","135":"I","136":",","137":"E","138":"A","139":"A","140":"E","141":",","142":"Y","143":"A","144":"A","145":"Y","146":";","147":"E","148":"A","149":"C","150":"l","151":"B","152":",","153":"I","154":"A","155":"A","156":"I","157":",","158":"G","159":"A","160":"A","161":"G","162":";","163":"I","164":"A","165":"C","166":"L","167":",","168":"O","169":"A","170":"A","171":"O","172":";","173":"M","174":"A","175":"C","176":"L","177":",","178":"O","179":"A","180":"A","181":"O","182":",","183":"E","184":"A","185":"A","186":"E","187":",","188":"E","189":"A","190":"A","191":"E","192":";","193":"M","194":"A","195":"C","196":"X","197":",","198":"I","199":"A","200":"A","201":"I","202":",","203":"E","204":"A","205":"A","206":"E","207":",","208":"E","209":"A","210":"A","211":"E","212":";","213":"M","214":"A","215":"C","216":"R","217":",","218":"K","219":"A","220":"A","221":"K","222":",","223":"E","224":"A","225":"A","226":"E","227":",","228":"E","229":"A","230":"A","231":"E","232":";","233":"M","234":"A","235":"C","236":"T","237":",","238":"I","239":"A","240":"A","241":"I","242":",","243":"E","244":"A","245":"A","246":"E","247":";","248":"I","249":"A","250":"C","251":"R","252":",","253":"C","254":"A","255":"A","256":"C","257":";","258":"E","259":"A","260":"C","261":"H","262":",","263":"C","264":"A","265":"A","266":"C","267":";","268":"E","269":"A","270":"C","271":"D","272":",","273":"O","274":"A","275":"A","276":"O","277":",","278":"E","279":"A","280":"A","281":"E","282":";","283":"I","284":"A","285":"C","286":"P","287":",","288":"W","289":"A","290":"A","291":"W","292":",","293":"G","294":"A","295":"A","296":"G","297":";","298":"M","299":"A","300":"C","301":"Z","302":",","303":"M","304":"A","305":"A","306":"M","307":",","308":"U","309":"A","310":"A","311":"U","312":",","313":"G","314":"A","315":"A","316":"G","317":";","318":"Q","319":"A","320":"C","321":"j","322":"B","323":",","324":"O","325":"A","326":"A","327":"O","328":",","329":"E","330":"A","331":"A","332":"E","333":",","334":"I","335":"A","336":"A","337":"I","338":",","339":"C","340":"A","341":"A","342":"C","343":",","344":"O","345":"A","346":"A","347":"O","348":";","349":"Q","350":"A","351":"C","352":"r","353":"B","354":",","355":"I","356":"A","357":"A","358":"I","359":",","360":"E","361":"A","362":"A","363":"E","364":",","365":"I","366":"A","367":"A","368":"I","369":",","370":"C","371":"A","372":"A","373":"C","374":";","375":"M","376":"A","377":"C","378":"b","379":",","380":"C","381":"A","382":"A","383":"C","384":";","385":"M","386":"A","387":"C","388":"D","389":",","390":"I","391":"A","392":"A","393":"I","394":",","395":"C","396":"A","397":"A","398":"C","399":",","400":"K","401":"A","402":"A","403":"K","404":",","405":"C","406":"A","407":"A","408":"C","409":",","410":"I","411":"A","412":"A","413":"I","414":",","415":"C","416":"A","417":"A","418":"C","419":",","420":"U","421":"A","422":"A","423":"U","424":",","425":"C","426":"A","427":"A","428":"C","429":";","430":"M","431":"A","432":"C","433":"3","434":"B","435":",","436":"Y","437":"A","438":"A","439":"Y","440":",","441":"C","442":"A","443":"A","444":"C","445":",","446":"K","447":"A","448":"A","449":"K","450":",","451":"G","452":"A","453":"A","454":"G","455":",","456":"I","457":"A","458":"A","459":"I","460":",","461":"C","462":"A","463":"A","464":"C","465":",","466":"S","467":"A","468":"A","469":"S","470":",","471":"C","472":"A","473":"A","474":"C","475":",","476":"I","477":"A","478":"A","479":"I","480":",","481":"C","482":"A","483":"A","484":"C","485":",","486":"K","487":"A","488":"A","489":"K","490":",","491":"C","492":"A","493":"A","494":"C","495":";","496":"M","497":"A","498":"C","499":"/","500":"C","501":",","502":"I","503":"A","504":"A","505":"I","506":",","507":"C","508":"A","509":"A","510":"C","511":",","512":"O","513":"A","514":"A","515":"O","516":",","517":"G","518":"A","519":"A","520":"G","521":",","522":"E","523":"A","524":"A","525":"E","526":";","527":"I","528":"A","529":"C","530":"n","531":"B","532":",","533":"C","534":"A","535":"A","536":"C","537":";","538":"I","539":"A","540":"C","541":"D","542":",","543":"e","544":"A","545":"A","546":"e","547":",","548":"C","549":"A","550":"A","551":"C","552":",","553":"K","554":"A","555":"A","556":"K","557":",","558":"E","559":"A","560":"A","561":"E","562":";","563":"M","564":"A","565":"C","566":"r","567":"B","568":",","569":"I","570":"A","571":"A","572":"I","573":",","574":"K","575":"A","576":"A","577":"K","578":",","579":"C","580":"A","581":"A","582":"C","583":",","584":"G","585":"A","586":"A","587":"G","588":",","589":"K","590":"A","591":"A","592":"K","593":",","594":"O","595":"A","596":"A","597":"O","598":",","599":"E","600":"A","601":"A","602":"E","603":";","604":"Q","605":"A","606":"C","607":"z","608":"B","609":",","610":"I","611":"A","612":"A","613":"I","614":",","615":"C","616":"A","617":"A","618":"C","619":",","620":"K","621":"A","622":"A","623":"K","624":",","625":"G","626":"A","627":"A","628":"G","629":",","630":"I","631":"A","632":"A","633":"I","634":",","635":"C","636":"A","637":"A","638":"C","639":",","640":"K","641":"A","642":"A","643":"K","644":",","645":"C","646":"A","647":"A","648":"C","649":",","650":"K","651":"A","652":"A","653":"K","654":",","655":"C","656":"A","657":"A","658":"C","659":",","660":"Q","661":"A","662":"A","663":"Q","664":",","665":"C","666":"A","667":"A","668":"C","669":";","670":"M","671":"A","672":"C","673":"z","674":"C","675":";","676":"I","677":"A","678":"C","679":"F","680":",","681":"C","682":"A","683":"A","684":"C","685":";","686":"I","687":"A","688":"C","689":"D","690":",","691":"e","692":"A","693":"A","694":"e","695":",","696":"G","697":"A","698":"A","699":"G","700":";","701":"M","702":"A","703":"C","704":"h","705":"B","706":",","707":"I","708":"A","709":"A","710":"I","711":",","712":"C","713":"A","714":"A","715":"C","716":",","717":"I","718":"A","719":"A","720":"I","721":",","722":"E","723":"A","724":"A","725":"E","726":";","727":"I","728":"A","729":"C","730":"b","731":";","732":"E","733":"A","734":"C","735":"F","736":",","737":"C","738":"A","739":"A","740":"C","741":";","742":"E","743":"A","744":"C","745":"D","746":",","747":"Q","748":"A","749":"A","750":"Q","751":",","752":"E","753":"A","754":"A","755":"E","756":";","757":"I","758":"A","759":"C","760":"R","761":",","762":"W","763":"A","764":"A","765":"W","766":",","767":"G","768":"A","769":"A","770":"G","771":";","772":"M","773":"A","774":"C","775":"Z","776":",","777":"O","778":"A","779":"A","780":"O","781":",","782":"I","783":"A","784":"A","785":"I","786":",","787":"C","788":"A","789":"A","790":"C","791":",","792":"K","793":"A","794":"A","795":"K","796":",","797":"C","798":"A","799":"A","800":"C","801":",","802":"K","803":"A","804":"A","805":"K","806":",","807":"C","808":"A","809":"A","810":"C","811":",","812":"C","813":"A","814":"A","815":"C","816":",","817":"C","818":"A","819":"A","820":"C","821":",","822":"G","823":"A","824":"A","825":"C","826":",","827":"I","828":"A","829":"A","830":"I","831":",","832":"C","833":"A","834":"A","835":"C","836":",","837":"I","838":"A","839":"A","840":"I","841":",","842":"C","843":"A","844":"A","845":"C","846":";","847":"I","848":"A","849":"C","850":"v","851":"C","852":",","853":"C","854":"A","855":"A","856":"C","857":";","858":"I","859":"A","860":"C","861":"D","862":",","863":"g","864":"B","865":"A","866":"A","867":"g","868":"B","869":",","870":"G","871":"A","872":"A","873":"G","874":";","875":"M","876":"A","877":"C","878":"j","879":"B","880":",","881":"O","882":"A","883":"A","884":"O","885":",","886":"I","887":"A","888":"A","889":"I","890":",","891":"C","892":"A","893":"A","894":"C","895":",","896":"I","897":"A","898":"A","899":"I","900":",","901":"G","902":"A","903":"A","904":"G","905":",","906":"C","907":"A","908":"A","909":"C","910":",","911":"G","912":"A","913":"A","914":"G","915":",","916":"I","917":"A","918":"A","919":"I","920":",","921":"C","922":"A","923":"A","924":"C","925":",","926":"K","927":"A","928":"A","929":"K","930":",","931":"C","932":"A","933":"A","934":"C","935":",","936":"M","937":"A","938":"A","939":"M","940":";","941":"I","942":"A","943":"C","944":"1","945":"C","946":";","947":"E","948":"A","949":"C","950":"F","951":",","952":"C","953":"A","954":"A","955":"C","956":";","957":"E","958":"A","959":"C","960":"D","961":",","962":"O","963":"A","964":"A","965":"O","966":",","967":"G","968":"A","969":"A","970":"G","971":";","972":"I","973":"A","974":"C","975":"R","976":",","977":"I","978":"A","979":"A","980":"I","981":",","982":"C","983":"A","984":"A","985":"C","986":",","987":"I","988":"A","989":"A","990":"I","991":",","992":"C","993":"A","994":"A","995":"C","996":",","997":"I","998":"A","999":"A","1000":"I","1001":",","1002":"E","1003":"A","1004":"A","1005":"E","1006":",","1007":"I","1008":"A","1009":"A","1010":"I","1011":",","1012":"C","1013":"A","1014":"A","1015":"C","1016":",","1017":"I","1018":"A","1019":"A","1020":"I","1021":",","1022":"G","1023":"A","1024":"A","1025":"G","1026":",","1027":"M","1028":"A","1029":"A","1030":"M","1031":",","1032":"C","1033":"A","1034":"A","1035":"C","1036":",","1037":"m","1038":"B","1039":"A","1040":"A","1041":"m","1042":"B","1043":",","1044":"C","1045":"A","1046":"A","1047":"C","1048":";","1049":"I","1050":"A","1051":"C","1052":"v","1053":"D","1054":",","1055":"I","1056":"A","1057":"A","1058":"I","1059":",","1060":"Y","1061":"A","1062":"A","1063":"Y","1064":",","1065":"C","1066":"A","1067":"A","1068":"C","1069":",","1070":"K","1071":"A","1072":"A","1073":"K","1074":",","1075":"E","1076":"A","1077":"A","1078":"E","1079":",","1080":"I","1081":"A","1082":"A","1083":"I","1084":",","1085":"C","1086":"A","1087":"A","1088":"C","1089":",","1090":"K","1091":"A","1092":"A","1093":"K","1094":",","1095":"G","1096":"A","1097":"A","1098":"G","1099":",","1100":"I","1101":"A","1102":"A","1103":"I","1104":",","1105":"C","1106":"A","1107":"A","1108":"C","1109":",","1110":"K","1111":"A","1112":"A","1113":"K","1114":",","1115":"C","1116":"A","1117":"A","1118":"C","1119":",","1120":"Y","1121":"A","1122":"A","1123":"Y","1124":",","1125":"C","1126":"A","1127":"A","1128":"C","1129":",","1130":"K","1131":"A","1132":"A","1133":"K","1134":",","1135":"C","1136":"A","1137":"A","1138":"C","1139":";","1140":"I","1141":"A","1142":"C","1143":"n","1144":"E","1145":",","1146":"M","1147":"A","1148":"A","1149":"M","1150":",","1151":"C","1152":"A","1153":"A","1154":"C","1155":",","1156":"g","1157":"B","1158":"A","1159":"A","1160":"g","1161":"B","1162":",","1163":"C","1164":"A","1165":"A","1166":"C","1167":",","1168":"S","1169":"A","1170":"A","1171":"S","1172":",","1173":"E","1174":"A","1175":"A","1176":"E","1177":",","1178":"I","1179":"A","1180":"A","1181":"I","1182":",","1183":"C","1184":"A","1185":"A","1186":"C","1187":",","1188":"e","1189":"A","1190":"A","1191":"e","1192":",","1193":"C","1194":"A","1195":"A","1196":"C","1197":";","1198":"E","1199":"A","1200":"C","1201":"1","1202":"D","1203":";","1204":"A","1205":"A","1206":"C","1207":"F","1208":",","1209":"C","1210":"A","1211":"A","1212":"C","1213":"\"","1214":",","1215":"\"","1216":"f","1217":"i","1218":"l","1219":"e","1220":"\"","1221":":","1222":"\"","1223":"C","1224":":","1225":"\\","1226":"\\","1227":"U","1228":"s","1229":"e","1230":"r","1231":"s","1232":"\\","1233":"\\","1234":"b","1235":"s","1236":"a","1237":"t","1238":"m","1239":"\\","1240":"\\","1241":"s","1242":"i","1243":"m","1244":"p","1245":"l","1246":"e","1247":"-","1248":"c","1249":"h","1250":"a","1251":"t","1252":"\\","1253":"\\","1254":"s","1255":"r","1256":"c","1257":"\\","1258":"\\","1259":"c","1260":"o","1261":"m","1262":"p","1263":"o","1264":"n","1265":"e","1266":"n","1267":"t","1268":"s","1269":"\\","1270":"\\","1271":"H","1272":"e","1273":"l","1274":"l","1275":"o","1276":"W","1277":"o","1278":"r","1279":"l","1280":"d","1281":".","1282":"v","1283":"u","1284":"e","1285":"\"","1286":",","1287":"\"","1288":"s","1289":"o","1290":"u","1291":"r","1292":"c","1293":"e","1294":"s","1295":"C","1296":"o","1297":"n","1298":"t","1299":"e","1300":"n","1301":"t","1302":"\"","1303":":","1304":"[","1305":"\"","1306":"<","1307":"t","1308":"e","1309":"m","1310":"p","1311":"l","1312":"a","1313":"t","1314":"e","1315":">","1316":"\\","1317":"n","1318":" ","1319":" ","1320":"<","1321":"d","1322":"i","1323":"v","1324":">","1325":"\\","1326":"n","1327":" ","1328":" ","1329":" ","1330":" ","1331":"<","1332":"h","1333":"2","1334":">","1335":"S","1336":"i","1337":"m","1338":"p","1339":"l","1340":"e","1341":" ","1342":"C","1343":"h","1344":"a","1345":"t","1346":"<","1347":"/","1348":"h","1349":"2","1350":">","1351":"\\","1352":"n","1353":" ","1354":" ","1355":" ","1356":" ","1357":"<","1358":"b","1359":"u","1360":"t","1361":"t","1362":"o","1363":"n","1364":" ","1365":"@","1366":"c","1367":"l","1368":"i","1369":"c","1370":"k","1371":"=","1372":"\\","1373":"\"","1374":"s","1375":"h","1376":"o","1377":"w","1378":"M","1379":"o","1380":"r","1381":"e","1382":"C","1383":"l","1384":"i","1385":"c","1386":"k","1387":"e","1388":"d","1389":"\\","1390":"\"","1391":" ","1392":"v","1393":"-","1394":"s","1395":"h","1396":"o","1397":"w","1398":"=","1399":"\\","1400":"\"","1401":"i","1402":"s","1403":"S","1404":"h","1405":"o","1406":"w","1407":"M","1408":"o","1409":"r","1410":"e","1411":"S","1412":"h","1413":"o","1414":"w","1415":"e","1416":"d","1417":"\\","1418":"\"","1419":">","1420":"S","1421":"h","1422":"o","1423":"w","1424":" ","1425":"m","1426":"o","1427":"r","1428":"e","1429":"<","1430":"/","1431":"b","1432":"u","1433":"t","1434":"t","1435":"o","1436":"n","1437":">","1438":"\\","1439":"n","1440":" ","1441":" ","1442":" ","1443":" ","1444":"<","1445":"u","1446":"l","1447":">","1448":"\\","1449":"n","1450":" ","1451":" ","1452":" ","1453":" ","1454":" ","1455":" ","1456":"<","1457":"l","1458":"i","1459":" ","1460":":","1461":"k","1462":"e","1463":"y","1464":"=","1465":"\\","1466":"\"","1467":"c","1468":"h","1469":"a","1470":"t","1471":".","1472":"m","1473":"e","1474":"s","1475":"s","1476":"a","1477":"g","1478":"e","1479":"\\","1480":"\"","1481":" ","1482":"v","1483":"-","1484":"f","1485":"o","1486":"r","1487":"=","1488":"\\","1489":"\"","1490":"c","1491":"h","1492":"a","1493":"t","1494":" ","1495":"i","1496":"n","1497":" ","1498":"s","1499":"h","1500":"o","1501":"w","1502":"M","1503":"e","1504":"s","1505":"s","1506":"a","1507":"g","1508":"e","1509":"\\","1510":"\"","1511":">","1512":"\\","1513":"n","1514":" ","1515":" ","1516":" ","1517":" ","1518":" ","1519":" ","1520":" ","1521":" ","1522":"{","1523":"{","1524":" ","1525":"c","1526":"h","1527":"a","1528":"t","1529":".","1530":"u","1531":"s","1532":"e","1533":"r","1534":" ","1535":"}","1536":"}","1537":" ","1538":":","1539":" ","1540":"{","1541":"{","1542":" ","1543":"c","1544":"h","1545":"a","1546":"t","1547":".","1548":"m","1549":"e","1550":"s","1551":"s","1552":"a","1553":"g","1554":"e","1555":" ","1556":"}","1557":"}","1558":"\\","1559":"n","1560":" ","1561":" ","1562":" ","1563":" ","1564":" ","1565":" ","1566":"<","1567":"/","1568":"l","1569":"i","1570":">","1571":"\\","1572":"n","1573":" ","1574":" ","1575":" ","1576":" ","1577":"<","1578":"/","1579":"u","1580":"l","1581":">","1582":"\\","1583":"n","1584":" ","1585":" ","1586":" ","1587":" ","1588":"<","1589":"i","1590":"n","1591":"p","1592":"u","1593":"t","1594":" ","1595":"v","1596":"-","1597":"m","1598":"o","1599":"d","1600":"e","1601":"l","1602":"=","1603":"\\","1604":"\"","1605":"m","1606":"e","1607":"s","1608":"s","1609":"a","1610":"g","1611":"e","1612":"\\","1613":"\"","1614":" ","1615":"/","1616":">","1617":"\\","1618":"n","1619":" ","1620":" ","1621":" ","1622":" ","1623":"<","1624":"b","1625":"u","1626":"t","1627":"t","1628":"o","1629":"n","1630":" ","1631":"i","1632":"d","1633":"=","1634":"\\","1635":"\"","1636":"s","1637":"e","1638":"n","1639":"d","1640":"B","1641":"t","1642":"n","1643":"\\","1644":"\"","1645":" ","1646":"@","1647":"c","1648":"l","1649":"i","1650":"c","1651":"k","1652":"=","1653":"\\","1654":"\"","1655":"s","1656":"e","1657":"n","1658":"d","1659":"M","1660":"e","1661":"s","1662":"s","1663":"a","1664":"g","1665":"e","1666":"\\","1667":"\"","1668":">","1669":"S","1670":"e","1671":"n","1672":"d","1673":"<","1674":"/","1675":"b","1676":"u","1677":"t","1678":"t","1679":"o","1680":"n","1681":">","1682":"\\","1683":"n","1684":" ","1685":" ","1686":"<","1687":"/","1688":"d","1689":"i","1690":"v","1691":">","1692":"\\","1693":"n","1694":"<","1695":"/","1696":"t","1697":"e","1698":"m","1699":"p","1700":"l","1701":"a","1702":"t","1703":"e","1704":">","1705":"\\","1706":"n","1707":"\\","1708":"n","1709":"<","1710":"s","1711":"c","1712":"r","1713":"i","1714":"p","1715":"t","1716":">","1717":"\\","1718":"n","1719":"e","1720":"x","1721":"p","1722":"o","1723":"r","1724":"t","1725":" ","1726":"d","1727":"e","1728":"f","1729":"a","1730":"u","1731":"l","1732":"t","1733":" ","1734":"{","1735":"\\","1736":"n","1737":" ","1738":" ","1739":"n","1740":"a","1741":"m","1742":"e","1743":":","1744":" ","1745":"\\","1746":"\"","1747":"H","1748":"e","1749":"l","1750":"l","1751":"o","1752":"W","1753":"o","1754":"r","1755":"l","1756":"d","1757":"\\","1758":"\"","1759":",","1760":"\\","1761":"n","1762":" ","1763":" ","1764":"d","1765":"a","1766":"t","1767":"a","1768":"(","1769":")","1770":" ","1771":"{","1772":"\\","1773":"n","1774":" ","1775":" ","1776":" ","1777":" ","1778":"r","1779":"e","1780":"t","1781":"u","1782":"r","1783":"n","1784":" ","1785":"{","1786":"\\","1787":"n","1788":" ","1789":" ","1790":" ","1791":" ","1792":" ","1793":" ","1794":"m","1795":"e","1796":"s","1797":"s","1798":"a","1799":"g","1800":"e","1801":":","1802":" ","1803":"\\","1804":"\"","1805":"\\","1806":"\"","1807":",","1808":"\\","1809":"n","1810":" ","1811":" ","1812":" ","1813":" ","1814":" ","1815":" ","1816":"u","1817":"s","1818":"e","1819":"r","1820":":","1821":" ","1822":"\\","1823":"\"","1824":"\\","1825":"\"","1826":",","1827":"\\","1828":"n","1829":" ","1830":" ","1831":" ","1832":" ","1833":" ","1834":" ","1835":"c","1836":"h","1837":"a","1838":"t","1839":"s","1840":":","1841":" ","1842":"[","1843":"]","1844":",","1845":"\\","1846":"n","1847":" ","1848":" ","1849":" ","1850":" ","1851":" ","1852":" ","1853":"m","1854":"o","1855":"r","1856":"e","1857":":","1858":" ","1859":"1","1860":"\\","1861":"n","1862":" ","1863":" ","1864":" ","1865":" ","1866":"}","1867":";","1868":"\\","1869":"n","1870":" ","1871":" ","1872":"}","1873":",","1874":"\\","1875":"n","1876":" ","1877":" ","1878":"m","1879":"e","1880":"t","1881":"h","1882":"o","1883":"d","1884":"s","1885":":","1886":" ","1887":"{","1888":"\\","1889":"n","1890":" ","1891":" ","1892":" ","1893":" ","1894":"s","1895":"e","1896":"n","1897":"d","1898":"M","1899":"e","1900":"s","1901":"s","1902":"a","1903":"g","1904":"e","1905":"(","1906":")","1907":" ","1908":"{","1909":"\\","1910":"n","1911":" ","1912":" ","1913":" ","1914":" ","1915":" ","1916":" ","1917":"c","1918":"o","1919":"n","1920":"s","1921":"t","1922":" ","1923":"n","1924":"e","1925":"w","1926":"M","1927":"e","1928":"s","1929":"s","1930":"a","1931":"g","1932":"e","1933":" ","1934":"=","1935":" ","1936":"{","1937":"\\","1938":"n","1939":" ","1940":" ","1941":" ","1942":" ","1943":" ","1944":" ","1945":" ","1946":" ","1947":"m","1948":"e","1949":"s","1950":"s","1951":"a","1952":"g","1953":"e","1954":":","1955":" ","1956":"t","1957":"h","1958":"i","1959":"s","1960":".","1961":"m","1962":"e","1963":"s","1964":"s","1965":"a","1966":"g","1967":"e","1968":",","1969":"\\","1970":"n","1971":" ","1972":" ","1973":" ","1974":" ","1975":" ","1976":" ","1977":" ","1978":" ","1979":"u","1980":"s","1981":"e","1982":"r","1983":":","1984":" ","1985":"t","1986":"h","1987":"i","1988":"s","1989":".","1990":"u","1991":"s","1992":"e","1993":"r","1994":"\\","1995":"n","1996":" ","1997":" ","1998":" ","1999":" ","2000":" ","2001":" ","2002":"}","2003":"\\","2004":"n","2005":" ","2006":" ","2007":" ","2008":" ","2009":" ","2010":" ","2011":"t","2012":"h","2013":"i","2014":"s","2015":".","2016":"c","2017":"h","2018":"a","2019":"t","2020":"s","2021":".","2022":"p","2023":"u","2024":"s","2025":"h","2026":"(","2027":"n","2028":"e","2029":"w","2030":"M","2031":"e","2032":"s","2033":"s","2034":"a","2035":"g","2036":"e","2037":")","2038":"\\","2039":"n","2040":" ","2041":" ","2042":" ","2043":" ","2044":" ","2045":" ","2046":"l","2047":"o","2048":"c","2049":"a","2050":"l","2051":"S","2052":"t","2053":"o","2054":"r","2055":"a","2056":"g","2057":"e","2058":".","2059":"c","2060":"h","2061":"a","2062":"t","2063":"s","2064":" ","2065":"=","2066":" ","2067":"J","2068":"S","2069":"O","2070":"N","2071":".","2072":"s","2073":"t","2074":"r","2075":"i","2076":"n","2077":"g","2078":"i","2079":"f","2080":"y","2081":"(","2082":"t","2083":"h","2084":"i","2085":"s","2086":".","2087":"c","2088":"h","2089":"a","2090":"t","2091":"s","2092":")","2093":"\\","2094":"n","2095":" ","2096":" ","2097":" ","2098":" ","2099":" ","2100":" ","2101":"t","2102":"h","2103":"i","2104":"s","2105":".","2106":"m","2107":"e","2108":"s","2109":"s","2110":"a","2111":"g","2112":"e","2113":" ","2114":"=","2115":" ","2116":"\\","2117":"\"","2118":"\\","2119":"\"","2120":";","2121":"\\","2122":"n","2123":" ","2124":" ","2125":" ","2126":" ","2127":"}","2128":",","2129":"\\","2130":"n","2131":" ","2132":" ","2133":" ","2134":" ","2135":"o","2136":"n","2137":"S","2138":"t","2139":"o","2140":"r","2141":"a","2142":"g","2143":"e","2144":"U","2145":"p","2146":"d","2147":"a","2148":"t","2149":"e","2150":"(","2151":"e","2152":"v","2153":"e","2154":"n","2155":"t","2156":")","2157":" ","2158":"{","2159":"\\","2160":"n","2161":" ","2162":" ","2163":" ","2164":" ","2165":" ","2166":" ","2167":"i","2168":"f","2169":" ","2170":"(","2171":"e","2172":"v","2173":"e","2174":"n","2175":"t","2176":".","2177":"k","2178":"e","2179":"y","2180":" ","2181":"=","2182":"=","2183":"=","2184":" ","2185":"\\","2186":"\"","2187":"c","2188":"h","2189":"a","2190":"t","2191":"s","2192":"\\","2193":"\"","2194":")","2195":" ","2196":"{","2197":"\\","2198":"n","2199":" ","2200":" ","2201":" ","2202":" ","2203":" ","2204":" ","2205":" ","2206":" ","2207":"t","2208":"h","2209":"i","2210":"s","2211":".","2212":"c","2213":"h","2214":"a","2215":"t","2216":"s","2217":" ","2218":"=","2219":" ","2220":"J","2221":"S","2222":"O","2223":"N","2224":".","2225":"p","2226":"a","2227":"r","2228":"s","2229":"e","2230":"(","2231":"e","2232":"v","2233":"e","2234":"n","2235":"t","2236":".","2237":"n","2238":"e","2239":"w","2240":"V","2241":"a","2242":"l","2243":"u","2244":"e","2245":")","2246":"\\","2247":"n","2248":" ","2249":" ","2250":" ","2251":" ","2252":" ","2253":" ","2254":"}","2255":"\\","2256":"n","2257":" ","2258":" ","2259":" ","2260":" ","2261":"}","2262":",","2263":"\\","2264":"n","2265":" ","2266":" ","2267":" ","2268":" ","2269":"s","2270":"h","2271":"o","2272":"w","2273":"M","2274":"o","2275":"r","2276":"e","2277":"C","2278":"l","2279":"i","2280":"c","2281":"k","2282":"e","2283":"d","2284":"(","2285":")","2286":" ","2287":"{","2288":"\\","2289":"n","2290":" ","2291":" ","2292":" ","2293":" ","2294":" ","2295":" ","2296":"t","2297":"h","2298":"i","2299":"s","2300":".","2301":"m","2302":"o","2303":"r","2304":"e","2305":"+","2306":"+","2307":"\\","2308":"n","2309":" ","2310":" ","2311":" ","2312":" ","2313":"}","2314":"\\","2315":"n","2316":" ","2317":" ","2318":"}","2319":",","2320":"\\","2321":"n","2322":" ","2323":" ","2324":"c","2325":"o","2326":"m","2327":"p","2328":"u","2329":"t","2330":"e","2331":"d","2332":":","2333":" ","2334":"{","2335":"\\","2336":"n","2337":" ","2338":" ","2339":" ","2340":" ","2341":"s","2342":"h","2343":"o","2344":"w","2345":"M","2346":"e","2347":"s","2348":"s","2349":"a","2350":"g","2351":"e","2352":"(","2353":")","2354":" ","2355":"{","2356":"\\","2357":"n","2358":" ","2359":" ","2360":" ","2361":" ","2362":" ","2363":" ","2364":"r","2365":"e","2366":"t","2367":"u","2368":"r","2369":"n","2370":" ","2371":"t","2372":"h","2373":"i","2374":"s","2375":".","2376":"c","2377":"h","2378":"a","2379":"t","2380":"s","2381":".","2382":"s","2383":"l","2384":"i","2385":"c","2386":"e","2387":"(","2388":"-","2389":"5","2390":"*","2391":"t","2392":"h","2393":"i","2394":"s","2395":".","2396":"m","2397":"o","2398":"r","2399":"e","2400":")","2401":"\\","2402":"n","2403":" ","2404":" ","2405":" ","2406":" ","2407":"}","2408":",","2409":"\\","2410":"n","2411":" ","2412":" ","2413":" ","2414":" ","2415":"i","2416":"s","2417":"S","2418":"h","2419":"o","2420":"w","2421":"M","2422":"o","2423":"r","2424":"e","2425":"S","2426":"h","2427":"o","2428":"w","2429":"e","2430":"d","2431":"(","2432":")","2433":" ","2434":"{","2435":"\\","2436":"n","2437":" ","2438":" ","2439":" ","2440":" ","2441":" ","2442":" ","2443":"r","2444":"e","2445":"t","2446":"u","2447":"r","2448":"n","2449":" ","2450":"t","2451":"h","2452":"i","2453":"s","2454":".","2455":"m","2456":"o","2457":"r","2458":"e","2459":" ","2460":"*","2461":" ","2462":"5","2463":" ","2464":"<","2465":" ","2466":"t","2467":"h","2468":"i","2469":"s","2470":".","2471":"c","2472":"h","2473":"a","2474":"t","2475":"s","2476":".","2477":"l","2478":"e","2479":"n","2480":"g","2481":"t","2482":"h","2483":"\\","2484":"n","2485":" ","2486":" ","2487":" ","2488":" ","2489":"}","2490":"\\","2491":"n","2492":" ","2493":" ","2494":"}","2495":",","2496":"\\","2497":"n","2498":" ","2499":" ","2500":"m","2501":"o","2502":"u","2503":"n","2504":"t","2505":"e","2506":"d","2507":"(","2508":")","2509":" ","2510":"{","2511":"\\","2512":"n","2513":" ","2514":" ","2515":" ","2516":" ","2517":"i","2518":"f","2519":" ","2520":"(","2521":"!","2522":"t","2523":"h","2524":"i","2525":"s","2526":".","2527":"u","2528":"s","2529":"e","2530":"r","2531":")","2532":" ","2533":"t","2534":"h","2535":"i","2536":"s","2537":".","2538":"u","2539":"s","2540":"e","2541":"r","2542":" ","2543":"=","2544":" ","2545":"p","2546":"r","2547":"o","2548":"m","2549":"p","2550":"t","2551":"(","2552":"\\","2553":"\"","2554":"I","2555":"n","2556":"p","2557":"u","2558":"t","2559":" ","2560":"y","2561":"o","2562":"u","2563":"r","2564":" ","2565":"n","2566":"a","2567":"m","2568":"e","2569":":","2570":" ","2571":"\\","2572":"\"","2573":")","2574":";","2575":"\\","2576":"n","2577":" ","2578":" ","2579":" ","2580":" ","2581":"i","2582":"f","2583":" ","2584":"(","2585":"l","2586":"o","2587":"c","2588":"a","2589":"l","2590":"S","2591":"t","2592":"o","2593":"r","2594":"a","2595":"g","2596":"e","2597":".","2598":"c","2599":"h","2600":"a","2601":"t","2602":"s","2603":")","2604":" ","2605":"t","2606":"h","2607":"i","2608":"s","2609":".","2610":"c","2611":"h","2612":"a","2613":"t","2614":"s","2615":" ","2616":"=","2617":" ","2618":"J","2619":"S","2620":"O","2621":"N","2622":".","2623":"p","2624":"a","2625":"r","2626":"s","2627":"e","2628":"(","2629":"l","2630":"o","2631":"c","2632":"a","2633":"l","2634":"S","2635":"t","2636":"o","2637":"r","2638":"a","2639":"g","2640":"e","2641":".","2642":"c","2643":"h","2644":"a","2645":"t","2646":"s","2647":")","2648":"\\","2649":"n","2650":" ","2651":" ","2652":" ","2653":" ","2654":"w","2655":"i","2656":"n","2657":"d","2658":"o","2659":"w","2660":".","2661":"a","2662":"d","2663":"d","2664":"E","2665":"v","2666":"e","2667":"n","2668":"t","2669":"L","2670":"i","2671":"s","2672":"t","2673":"e","2674":"n","2675":"e","2676":"r","2677":"(","2678":"\\","2679":"\"","2680":"s","2681":"t","2682":"o","2683":"r","2684":"a","2685":"g","2686":"e","2687":"\\","2688":"\"","2689":",","2690":" ","2691":"t","2692":"h","2693":"i","2694":"s","2695":".","2696":"o","2697":"n","2698":"S","2699":"t","2700":"o","2701":"r","2702":"a","2703":"g","2704":"e","2705":"U","2706":"p","2707":"d","2708":"a","2709":"t","2710":"e","2711":")","2712":";","2713":"\\","2714":"n","2715":" ","2716":" ","2717":"}","2718":"\\","2719":"n","2720":"}","2721":";","2722":"\\","2723":"n","2724":"<","2725":"/","2726":"s","2727":"c","2728":"r","2729":"i","2730":"p","2731":"t","2732":">","2733":"\\","2734":"n","2735":"\\","2736":"n","2737":"<","2738":"!","2739":"-","2740":"-","2741":" ","2742":"A","2743":"d","2744":"d","2745":" ","2746":"\\","2747":"\"","2748":"s","2749":"c","2750":"o","2751":"p","2752":"e","2753":"d","2754":"\\","2755":"\"","2756":" ","2757":"a","2758":"t","2759":"t","2760":"r","2761":"i","2762":"b","2763":"u","2764":"t","2765":"e","2766":" ","2767":"t","2768":"o","2769":" ","2770":"l","2771":"i","2772":"m","2773":"i","2774":"t","2775":" ","2776":"C","2777":"S","2778":"S","2779":" ","2780":"t","2781":"o","2782":" ","2783":"t","2784":"h","2785":"i","2786":"s","2787":" ","2788":"c","2789":"o","2790":"m","2791":"p","2792":"o","2793":"n","2794":"e","2795":"n","2796":"t","2797":" ","2798":"o","2799":"n","2800":"l","2801":"y","2802":" ","2803":"-","2804":"-","2805":">","2806":"\\","2807":"n","2808":"<","2809":"s","2810":"t","2811":"y","2812":"l","2813":"e","2814":" ","2815":"s","2816":"c","2817":"o","2818":"p","2819":"e","2820":"d","2821":">","2822":"\\","2823":"n","2824":"h","2825":"3","2826":" ","2827":"{","2828":"\\","2829":"n","2830":" ","2831":" ","2832":"m","2833":"a","2834":"r","2835":"g","2836":"i","2837":"n","2838":":","2839":" ","2840":"4","2841":"0","2842":"p","2843":"x","2844":" ","2845":"0","2846":" ","2847":"0","2848":";","2849":"\\","2850":"n","2851":"}","2852":"\\","2853":"n","2854":"u","2855":"l","2856":" ","2857":"{","2858":"\\","2859":"n","2860":" ","2861":" ","2862":"l","2863":"i","2864":"s","2865":"t","2866":"-","2867":"s","2868":"t","2869":"y","2870":"l","2871":"e","2872":"-","2873":"t","2874":"y","2875":"p","2876":"e","2877":":","2878":" ","2879":"n","2880":"o","2881":"n","2882":"e","2883":";","2884":"\\","2885":"n","2886":" ","2887":" ","2888":"p","2889":"a","2890":"d","2891":"d","2892":"i","2893":"n","2894":"g","2895":":","2896":" ","2897":"0","2898":";","2899":"\\","2900":"n","2901":"}","2902":"\\","2903":"n","2904":"l","2905":"i","2906":" ","2907":"{","2908":"\\","2909":"n","2910":" ","2911":" ","2912":"m","2913":"a","2914":"r","2915":"g","2916":"i","2917":"n","2918":":","2919":" ","2920":"0","2921":" ","2922":"1","2923":"0","2924":"p","2925":"x","2926":";","2927":"\\","2928":"n","2929":"}","2930":"\\","2931":"n","2932":"a","2933":" ","2934":"{","2935":"\\","2936":"n","2937":" ","2938":" ","2939":"c","2940":"o","2941":"l","2942":"o","2943":"r","2944":":","2945":" ","2946":"#","2947":"4","2948":"2","2949":"b","2950":"9","2951":"8","2952":"3","2953":";","2954":"\\","2955":"n","2956":"}","2957":"\\","2958":"n","2959":"<","2960":"/","2961":"s","2962":"t","2963":"y","2964":"l","2965":"e","2966":">","2967":"\\","2968":"n","2969":"\"","2970":"]","2971":"}"},"_coverageSchema":"1a1c01bbd47fc00a2c39e90264f33305004495a9","hash":"a3bc485b3174f4be17e9230559f9c6d8f0a74c63"}
}
