TN:
SF:src\components\HelloWorld.vue
FN:11,(anonymous_0)
FN:20,(anonymous_1)
FN:29,(anonymous_2)
FN:34,(anonymous_3)
FN:39,(anonymous_4)
FN:42,(anonymous_5)
FN:46,(anonymous_6)
FN:60,render
FN:62,(anonymous_8)
FN:63,(anonymous_9)
FN:68,(anonymous_10)
FN:71,(anonymous_11)
FNF:12
FNH:9
FNDA:3,(anonymous_0)
FNDA:1,(anonymous_1)
FNDA:0,(anonymous_2)
FNDA:0,(anonymous_3)
FNDA:4,(anonymous_4)
FNDA:4,(anonymous_5)
FNDA:3,(anonymous_6)
FNDA:5,render
FNDA:0,(anonymous_8)
FNDA:1,(anonymous_9)
FNDA:1,(anonymous_10)
FNDA:1,(anonymous_11)
DA:4,1
DA:7,1
DA:8,1
DA:9,1
DA:12,3
DA:21,1
DA:25,1
DA:26,1
DA:27,1
DA:30,0
DA:31,0
DA:35,0
DA:40,4
DA:43,4
DA:47,3
DA:48,3
DA:49,3
DA:52,1
DA:54,1
DA:57,1
DA:58,1
DA:59,1
DA:61,5
DA:62,0
DA:64,1
DA:68,1
DA:71,1
DA:73,1
LF:28
LH:24
BRDA:30,0,0,0
BRDA:30,0,1,0
BRDA:47,1,0,3
BRDA:47,1,1,0
BRDA:48,2,0,0
BRDA:48,2,1,3
BRDA:62,3,0,5
BRDA:62,3,1,3
BRDA:62,4,0,0
BRDA:62,4,1,0
BRDA:68,5,0,5
BRDA:68,5,1,3
BRDA:71,6,0,5
BRDA:71,6,1,3
BRDA:71,7,0,1
BRDA:71,7,1,1
BRF:16
BRH:10
end_of_record
